<?xml version="1.0" encoding="UTF-8"?>
<robot generator="Robot 7.1 (Python 3.10.12 on linux)" generated="2024-10-03T16:00:13.441542" rpa="false" schemaversion="5">
<suite id="s1" name="Horadoqa" source="/home/rfahham/projetos/app-horadoqa/robot/horadoqa.robot">
<test id="s1-t1" name="Cenário1: Enviar dados pelo site" line="36">
<kw name="Given que o usuário acessou o site">
<kw name="Open Browser" owner="SeleniumLibrary">
<msg time="2024-10-03T16:00:13.590611" level="INFO">Opening browser 'chrome' to base url 'http://54.174.75.247/'.</msg>
<arg>${url}</arg>
<arg>chrome</arg>
<doc>Opens a new browser instance to the optional ``url``.</doc>
<status status="PASS" start="2024-10-03T16:00:13.590331" elapsed="2.827815"/>
</kw>
<kw name="Sleep" owner="BuiltIn">
<msg time="2024-10-03T16:00:21.419514" level="INFO">Slept 5 seconds.</msg>
<arg>5s</arg>
<doc>Pauses the test executed for the given time.</doc>
<status status="PASS" start="2024-10-03T16:00:16.418453" elapsed="5.001526"/>
</kw>
<status status="PASS" start="2024-10-03T16:00:13.589873" elapsed="7.830555"/>
</kw>
<kw name="And inseriu os dados pessoais">
<kw name="Input Text" owner="SeleniumLibrary">
<msg time="2024-10-03T16:00:21.423987" level="INFO">Typing text 'Hora do QA' into text field '//*[@id="root"]/div/div/form/div[1]/label/input'.</msg>
<arg>//*[@id="root"]/div/div/form/div[1]/label/input</arg>
<arg>Hora do QA</arg>
<doc>Types the given ``text`` into the text field identified by ``locator``.</doc>
<status status="PASS" start="2024-10-03T16:00:21.422838" elapsed="0.161631"/>
</kw>
<kw name="Input Text" owner="SeleniumLibrary">
<msg time="2024-10-03T16:00:21.585007" level="INFO">Typing text 'horadoqa@gmail.com' into text field '//*[@id="root"]/div/div/form/div[2]/label/input'.</msg>
<arg>//*[@id="root"]/div/div/form/div[2]/label/input</arg>
<arg>horadoqa@gmail.com</arg>
<doc>Types the given ``text`` into the text field identified by ``locator``.</doc>
<status status="PASS" start="2024-10-03T16:00:21.584737" elapsed="0.111974"/>
</kw>
<kw name="Input Text" owner="SeleniumLibrary">
<msg time="2024-10-03T16:00:21.697349" level="INFO">Typing text '219876543210' into text field '//*[@id="root"]/div/div/form/div[3]/label/input'.</msg>
<arg>//*[@id="root"]/div/div/form/div[3]/label/input</arg>
<arg>219876543210</arg>
<doc>Types the given ``text`` into the text field identified by ``locator``.</doc>
<status status="PASS" start="2024-10-03T16:00:21.697011" elapsed="0.101238"/>
</kw>
<status status="PASS" start="2024-10-03T16:00:21.421591" elapsed="0.376877"/>
</kw>
<kw name="And clicar em &quot;Enviar&quot;">
<kw name="Click Element" owner="SeleniumLibrary">
<msg time="2024-10-03T16:00:21.799522" level="INFO">Clicking element '//*[@id="root"]/div/div/form/button'.</msg>
<arg>//*[@id="root"]/div/div/form/button</arg>
<doc>Click the element identified by ``locator``.</doc>
<status status="PASS" start="2024-10-03T16:00:21.799215" elapsed="0.076856"/>
</kw>
<kw name="Sleep" owner="BuiltIn">
<msg time="2024-10-03T16:00:26.877249" level="INFO">Slept 5 seconds.</msg>
<arg>5s</arg>
<doc>Pauses the test executed for the given time.</doc>
<status status="PASS" start="2024-10-03T16:00:21.876282" elapsed="5.001591"/>
</kw>
<status status="PASS" start="2024-10-03T16:00:21.798823" elapsed="5.079663"/>
</kw>
<kw name="Then o site será fechado">
<kw name="Close Browser" owner="SeleniumLibrary">
<doc>Closes the current browser.</doc>
<status status="PASS" start="2024-10-03T16:00:26.881860" elapsed="0.114135"/>
</kw>
<status status="PASS" start="2024-10-03T16:00:26.880092" elapsed="0.116056"/>
</kw>
<status status="PASS" start="2024-10-03T16:00:13.588565" elapsed="13.407801"/>
</test>
<status status="PASS" start="2024-10-03T16:00:13.442479" elapsed="13.554395"/>
</suite>
<statistics>
<total>
<stat pass="1" fail="0" skip="0">All Tests</stat>
</total>
<tag>
</tag>
<suite>
<stat pass="1" fail="0" skip="0" id="s1" name="Horadoqa">Horadoqa</stat>
</suite>
</statistics>
<errors>
</errors>
</robot>
